{"level":"info","message":"Iniciando servidor","service":"fakegram-api","timestamp":"2023-04-09T22:28:21.854Z"}
{"level":"info","message":"Configurações setadas com sucesso!","service":"fakegram-api","timestamp":"2023-04-09T22:28:21.858Z"}
{"level":"info","message":"Rotas inicializadas com sucesso!","service":"fakegram-api","timestamp":"2023-04-09T22:28:21.859Z"}
{"level":"info","message":"Servidor rodando na porta 8000","service":"fakegram-api","timestamp":"2023-04-09T22:28:21.862Z"}
{"level":"info","message":"Iniciando servidor","service":"hamburguergama","timestamp":"2023-04-09T22:30:08.992Z"}
{"level":"info","message":"Configurações setadas com sucesso!","service":"hamburguergama","timestamp":"2023-04-09T22:30:08.995Z"}
{"level":"info","message":"Rotas inicializadas com sucesso!","service":"hamburguergama","timestamp":"2023-04-09T22:30:08.996Z"}
{"level":"info","message":"Servidor rodando na porta 8000","service":"hamburguergama","timestamp":"2023-04-09T22:30:08.999Z"}
{"level":"info","message":"Iniciando servidor","service":"hamburguergama","timestamp":"2023-04-09T22:51:24.200Z"}
{"level":"info","message":"Configurações setadas com sucesso!","service":"hamburguergama","timestamp":"2023-04-09T22:51:24.204Z"}
{"level":"info","message":"Rotas inicializadas com sucesso!","service":"hamburguergama","timestamp":"2023-04-09T22:51:24.204Z"}
{"level":"info","message":"Servidor rodando na porta 8000","service":"hamburguergama","timestamp":"2023-04-09T22:51:24.207Z"}
{"level":"info","message":"Iniciando servidor","service":"hamburguergama","timestamp":"2023-04-09T23:15:25.968Z"}
{"level":"info","message":"Configurações setadas com sucesso!","service":"hamburguergama","timestamp":"2023-04-09T23:15:25.971Z"}
{"level":"info","message":"Rotas inicializadas com sucesso!","service":"hamburguergama","timestamp":"2023-04-09T23:15:25.972Z"}
{"level":"info","message":"Servidor rodando na porta 8000","service":"hamburguergama","timestamp":"2023-04-09T23:15:25.975Z"}
{"level":"info","message":"Iniciando servidor","service":"hamburguergama","timestamp":"2023-04-10T18:20:12.148Z"}
{"level":"info","message":"Configurações setadas com sucesso!","service":"hamburguergama","timestamp":"2023-04-10T18:20:12.155Z"}
{"level":"info","message":"Rotas inicializadas com sucesso!","service":"hamburguergama","timestamp":"2023-04-10T18:20:12.156Z"}
{"level":"info","message":"Servidor rodando na porta 8000","service":"hamburguergama","timestamp":"2023-04-10T18:20:12.242Z"}
{"level":"info","message":"[produtosControllers] - Produto adicionado ao carrinho","service":"hamburguergama","timestamp":"2023-04-10T18:31:00.479Z"}
{"level":"info","message":"[produtosControllers] - payload: {\"nome_produto\":\"Aphamon\",\"descricao\":\"modinha dmo\",\"preco\":\"5555555\"}","service":"hamburguergama","timestamp":"2023-04-10T18:31:00.479Z"}
{"level":"error","message":"[pedidosControllers] error: SequelizeAccessDeniedError: Access denied for user ''@'localhost' (using password: NO)","service":"hamburguergama","timestamp":"2023-04-10T18:31:00.815Z"}
{"level":"info","message":"[produtosControllers] - Produto adicionado ao carrinho","service":"hamburguergama","timestamp":"2023-04-10T18:33:31.333Z"}
{"level":"info","message":"[produtosControllers] - payload: {\"nome_produto\":\"Aphamon\",\"descricao\":\"modinha dmo\",\"preco\":\"5555555\"}","service":"hamburguergama","timestamp":"2023-04-10T18:33:31.334Z"}
{"level":"error","message":"[pedidosControllers] error: SequelizeAccessDeniedError: Access denied for user ''@'localhost' (using password: NO)","service":"hamburguergama","timestamp":"2023-04-10T18:33:31.364Z"}
{"level":"info","message":"[produtosControllers] - Produto adicionado ao carrinho","service":"hamburguergama","timestamp":"2023-04-10T18:33:32.466Z"}
{"level":"info","message":"[produtosControllers] - payload: {\"nome_produto\":\"Aphamon\",\"descricao\":\"modinha dmo\",\"preco\":\"5555555\"}","service":"hamburguergama","timestamp":"2023-04-10T18:33:32.467Z"}
{"level":"error","message":"[pedidosControllers] error: SequelizeAccessDeniedError: Access denied for user ''@'localhost' (using password: NO)","service":"hamburguergama","timestamp":"2023-04-10T18:33:32.474Z"}
{"level":"info","message":"[produtosControllers] - Produto adicionado ao carrinho","service":"hamburguergama","timestamp":"2023-04-10T18:33:34.954Z"}
{"level":"info","message":"[produtosControllers] - payload: {\"nome_produto\":\"Aphamon\",\"descricao\":\"modinha dmo\",\"preco\":\"5555555\"}","service":"hamburguergama","timestamp":"2023-04-10T18:33:34.955Z"}
{"level":"error","message":"[pedidosControllers] error: SequelizeAccessDeniedError: Access denied for user ''@'localhost' (using password: NO)","service":"hamburguergama","timestamp":"2023-04-10T18:33:34.965Z"}
{"level":"info","message":"[produtosControllers] - Produto adicionado ao carrinho","service":"hamburguergama","timestamp":"2023-04-10T18:35:05.513Z"}
{"level":"info","message":"[produtosControllers] - payload: {\"nome_produto\":\"Aphamon\",\"descricao\":\"modinha dmo\",\"preco\":\"5555555\"}","service":"hamburguergama","timestamp":"2023-04-10T18:35:05.513Z"}
{"level":"error","message":"[pedidosControllers] error: SequelizeAccessDeniedError: Access denied for user ''@'localhost' (using password: NO)","service":"hamburguergama","timestamp":"2023-04-10T18:35:05.522Z"}
{"level":"info","message":"[produtosControllers] - Produto adicionado ao carrinho","service":"hamburguergama","timestamp":"2023-04-10T18:35:06.389Z"}
{"level":"info","message":"[produtosControllers] - payload: {\"nome_produto\":\"Aphamon\",\"descricao\":\"modinha dmo\",\"preco\":\"5555555\"}","service":"hamburguergama","timestamp":"2023-04-10T18:35:06.389Z"}
{"level":"error","message":"[pedidosControllers] error: SequelizeAccessDeniedError: Access denied for user ''@'localhost' (using password: NO)","service":"hamburguergama","timestamp":"2023-04-10T18:35:06.414Z"}
{"level":"info","message":"[produtosControllers] - Produto adicionado ao carrinho","service":"hamburguergama","timestamp":"2023-04-10T18:35:07.165Z"}
{"level":"info","message":"[produtosControllers] - payload: {\"nome_produto\":\"Aphamon\",\"descricao\":\"modinha dmo\",\"preco\":\"5555555\"}","service":"hamburguergama","timestamp":"2023-04-10T18:35:07.166Z"}
{"level":"error","message":"[pedidosControllers] error: SequelizeAccessDeniedError: Access denied for user ''@'localhost' (using password: NO)","service":"hamburguergama","timestamp":"2023-04-10T18:35:07.171Z"}
{"level":"info","message":"[produtosControllers] - Produto adicionado ao carrinho","service":"hamburguergama","timestamp":"2023-04-10T18:35:15.314Z"}
{"level":"info","message":"[produtosControllers] - payload: {\"nome_produto\":\"Aphamon\",\"descricao\":\"modinha dmo\",\"preco\":\"5555555\"}","service":"hamburguergama","timestamp":"2023-04-10T18:35:15.314Z"}
{"level":"error","message":"[pedidosControllers] error: SequelizeAccessDeniedError: Access denied for user ''@'localhost' (using password: NO)","service":"hamburguergama","timestamp":"2023-04-10T18:35:15.319Z"}
{"level":"info","message":"[produtosControllers] - Produto adicionado ao carrinho","service":"hamburguergama","timestamp":"2023-04-10T18:35:51.842Z"}
{"level":"info","message":"[produtosControllers] - payload: {\"nome_produto\":\"Aphamon\",\"descricao\":\"modinha dmo\",\"preco\":\"5555555\"}","service":"hamburguergama","timestamp":"2023-04-10T18:35:51.842Z"}
{"level":"error","message":"[pedidosControllers] error: SequelizeAccessDeniedError: Access denied for user ''@'localhost' (using password: NO)","service":"hamburguergama","timestamp":"2023-04-10T18:35:51.850Z"}
{"level":"info","message":"Iniciando servidor","service":"hamburguergama","timestamp":"2023-04-10T22:57:40.405Z"}
{"level":"info","message":"Configurações setadas com sucesso!","service":"hamburguergama","timestamp":"2023-04-10T22:57:40.412Z"}
{"level":"info","message":"Rotas inicializadas com sucesso!","service":"hamburguergama","timestamp":"2023-04-10T22:57:40.413Z"}
{"level":"info","message":"Servidor rodando na porta 8000","service":"hamburguergama","timestamp":"2023-04-10T22:57:40.417Z"}
{"level":"info","message":"Iniciando servidor","service":"hamburguergama","timestamp":"2023-04-12T00:54:03.110Z"}
{"level":"info","message":"Configurações setadas com sucesso!","service":"hamburguergama","timestamp":"2023-04-12T00:54:03.114Z"}
{"level":"info","message":"Rotas inicializadas com sucesso!","service":"hamburguergama","timestamp":"2023-04-12T00:54:03.114Z"}
{"level":"info","message":"Servidor rodando na porta 8000","service":"hamburguergama","timestamp":"2023-04-12T00:54:03.118Z"}
{"level":"info","message":"Iniciando servidor","service":"hamburguergama","timestamp":"2023-04-12T17:58:13.994Z"}
{"level":"info","message":"Configurações setadas com sucesso!","service":"hamburguergama","timestamp":"2023-04-12T17:58:13.997Z"}
{"level":"info","message":"Rotas inicializadas com sucesso!","service":"hamburguergama","timestamp":"2023-04-12T17:58:13.998Z"}
{"level":"info","message":"Servidor rodando na porta 8000","service":"hamburguergama","timestamp":"2023-04-12T17:58:14.002Z"}
{"level":"info","message":"Iniciando servidor","service":"hamburguergama","timestamp":"2023-04-12T18:00:10.326Z"}
{"level":"info","message":"Configurações setadas com sucesso!","service":"hamburguergama","timestamp":"2023-04-12T18:00:10.330Z"}
{"level":"info","message":"Rotas inicializadas com sucesso!","service":"hamburguergama","timestamp":"2023-04-12T18:00:10.330Z"}
{"level":"info","message":"Servidor rodando na porta 8000","service":"hamburguergama","timestamp":"2023-04-12T18:00:10.333Z"}
{"level":"info","message":"Iniciando servidor","service":"hamburguergama","timestamp":"2023-04-12T18:23:05.472Z"}
{"level":"info","message":"Configurações setadas com sucesso!","service":"hamburguergama","timestamp":"2023-04-12T18:23:05.476Z"}
{"level":"info","message":"Rotas inicializadas com sucesso!","service":"hamburguergama","timestamp":"2023-04-12T18:23:05.476Z"}
{"level":"info","message":"Servidor rodando na porta 8000","service":"hamburguergama","timestamp":"2023-04-12T18:23:05.479Z"}
{"level":"info","message":"Iniciando servidor","service":"hamburguergama","timestamp":"2023-04-12T18:34:22.941Z"}
{"level":"info","message":"Configurações setadas com sucesso!","service":"hamburguergama","timestamp":"2023-04-12T18:34:22.945Z"}
{"level":"info","message":"Rotas inicializadas com sucesso!","service":"hamburguergama","timestamp":"2023-04-12T18:34:22.945Z"}
{"level":"info","message":"Servidor rodando na porta 8000","service":"hamburguergama","timestamp":"2023-04-12T18:34:22.948Z"}
{"level":"info","message":"Iniciando servidor","service":"hamburguergama","timestamp":"2023-04-12T18:43:17.278Z"}
{"level":"info","message":"Configurações setadas com sucesso!","service":"hamburguergama","timestamp":"2023-04-12T18:43:17.282Z"}
{"level":"info","message":"Rotas inicializadas com sucesso!","service":"hamburguergama","timestamp":"2023-04-12T18:43:17.283Z"}
{"level":"info","message":"Servidor rodando na porta 8000","service":"hamburguergama","timestamp":"2023-04-12T18:43:17.286Z"}
{"level":"info","message":"Iniciando servidor","service":"hamburguergama","timestamp":"2023-04-12T19:33:23.412Z"}
{"level":"info","message":"Configurações setadas com sucesso!","service":"hamburguergama","timestamp":"2023-04-12T19:33:23.416Z"}
{"level":"info","message":"Rotas inicializadas com sucesso!","service":"hamburguergama","timestamp":"2023-04-12T19:33:23.417Z"}
{"level":"info","message":"Servidor rodando na porta 8000","service":"hamburguergama","timestamp":"2023-04-12T19:33:23.420Z"}
{"level":"info","message":"Iniciando servidor","service":"hamburguergama","timestamp":"2023-04-12T19:41:24.108Z"}
{"level":"info","message":"Configurações setadas com sucesso!","service":"hamburguergama","timestamp":"2023-04-12T19:41:24.113Z"}
{"level":"info","message":"Rotas inicializadas com sucesso!","service":"hamburguergama","timestamp":"2023-04-12T19:41:24.113Z"}
{"level":"info","message":"Servidor rodando na porta 8000","service":"hamburguergama","timestamp":"2023-04-12T19:41:24.116Z"}
{"level":"info","message":"Iniciando servidor","service":"hamburguergama","timestamp":"2023-04-12T22:19:41.234Z"}
{"level":"info","message":"Configurações setadas com sucesso!","service":"hamburguergama","timestamp":"2023-04-12T22:19:41.239Z"}
{"level":"info","message":"Rotas inicializadas com sucesso!","service":"hamburguergama","timestamp":"2023-04-12T22:19:41.239Z"}
{"level":"info","message":"Servidor rodando na porta 8000","service":"hamburguergama","timestamp":"2023-04-12T22:19:41.244Z"}
{"level":"info","message":"Iniciando servidor","service":"hamburguergama","timestamp":"2023-04-12T22:23:36.831Z"}
{"level":"info","message":"Configurações setadas com sucesso!","service":"hamburguergama","timestamp":"2023-04-12T22:23:36.834Z"}
{"level":"info","message":"Rotas inicializadas com sucesso!","service":"hamburguergama","timestamp":"2023-04-12T22:23:36.835Z"}
{"level":"info","message":"Servidor rodando na porta 8000","service":"hamburguergama","timestamp":"2023-04-12T22:23:36.838Z"}
{"level":"info","message":"Iniciando servidor","service":"hamburguergama","timestamp":"2023-04-12T22:25:32.397Z"}
{"level":"info","message":"Configurações setadas com sucesso!","service":"hamburguergama","timestamp":"2023-04-12T22:25:32.400Z"}
{"level":"info","message":"Rotas inicializadas com sucesso!","service":"hamburguergama","timestamp":"2023-04-12T22:25:32.401Z"}
{"level":"info","message":"Servidor rodando na porta 8000","service":"hamburguergama","timestamp":"2023-04-12T22:25:32.404Z"}
{"level":"info","message":"Iniciando servidor","service":"hamburguergama","timestamp":"2023-04-12T22:32:39.164Z"}
{"level":"info","message":"Configurações setadas com sucesso!","service":"hamburguergama","timestamp":"2023-04-12T22:32:39.168Z"}
{"level":"info","message":"Rotas inicializadas com sucesso!","service":"hamburguergama","timestamp":"2023-04-12T22:32:39.168Z"}
{"level":"info","message":"Servidor rodando na porta 8000","service":"hamburguergama","timestamp":"2023-04-12T22:32:39.171Z"}
{"level":"info","message":"Iniciando servidor","service":"hamburguergama","timestamp":"2023-04-12T22:33:29.885Z"}
{"level":"info","message":"Configurações setadas com sucesso!","service":"hamburguergama","timestamp":"2023-04-12T22:33:29.888Z"}
{"level":"info","message":"Rotas inicializadas com sucesso!","service":"hamburguergama","timestamp":"2023-04-12T22:33:29.889Z"}
{"level":"info","message":"Servidor rodando na porta 8000","service":"hamburguergama","timestamp":"2023-04-12T22:33:29.892Z"}
{"level":"info","message":"[usuarioControllers] - Usuario criado com sucesso","service":"hamburguergama","timestamp":"2023-04-12T22:33:33.614Z"}
{"level":"info","message":"Iniciando servidor","service":"hamburguergama","timestamp":"2023-04-12T22:34:16.036Z"}
{"level":"info","message":"Configurações setadas com sucesso!","service":"hamburguergama","timestamp":"2023-04-12T22:34:16.040Z"}
{"level":"info","message":"Rotas inicializadas com sucesso!","service":"hamburguergama","timestamp":"2023-04-12T22:34:16.040Z"}
{"level":"info","message":"Servidor rodando na porta 8000","service":"hamburguergama","timestamp":"2023-04-12T22:34:16.043Z"}
{"level":"info","message":"[usuarioControllers] - Usuario criado com sucesso","service":"hamburguergama","timestamp":"2023-04-12T22:34:38.466Z"}
{"level":"info","message":"[usuarioControllers] - payload: {\"nome\":\"zzz\",\"email\":\"teste@mail.com\",\"senha\":\"1234\"}","service":"hamburguergama","timestamp":"2023-04-12T22:34:38.466Z"}
{"level":"error","message":"[usuariosControllers] error: SequelizeAccessDeniedError: Access denied for user ''@'localhost' (using password: YES)","service":"hamburguergama","timestamp":"2023-04-12T22:34:38.572Z"}
{"level":"info","message":"Iniciando servidor","service":"hamburguergama","timestamp":"2023-04-12T22:38:19.566Z"}
{"level":"info","message":"Configurações setadas com sucesso!","service":"hamburguergama","timestamp":"2023-04-12T22:38:19.570Z"}
{"level":"info","message":"Rotas inicializadas com sucesso!","service":"hamburguergama","timestamp":"2023-04-12T22:38:19.570Z"}
{"level":"info","message":"Servidor rodando na porta 8000","service":"hamburguergama","timestamp":"2023-04-12T22:38:19.574Z"}
{"level":"info","message":"[usuarioControllers] - Usuario criado com sucesso","service":"hamburguergama","timestamp":"2023-04-12T22:38:26.047Z"}
{"level":"info","message":"[usuarioControllers] - payload: {\"nome\":\"zzz\",\"email\":\"teste@mail.com\",\"senha\":\"1234\"}","service":"hamburguergama","timestamp":"2023-04-12T22:38:26.047Z"}
{"level":"error","message":"[usuariosControllers] error: SequelizeConnectionError: connect ETIMEDOUT","service":"hamburguergama","timestamp":"2023-04-12T22:38:36.080Z"}
{"level":"info","message":"[usuarioControllers] - Usuario criado com sucesso","service":"hamburguergama","timestamp":"2023-04-12T22:39:26.864Z"}
{"level":"info","message":"[usuarioControllers] - payload: {\"nome\":\"zzz\",\"email\":\"teste@mail.com\",\"senha\":\"1234\"}","service":"hamburguergama","timestamp":"2023-04-12T22:39:26.865Z"}
{"level":"error","message":"[usuariosControllers] error: SequelizeConnectionError: connect ETIMEDOUT","service":"hamburguergama","timestamp":"2023-04-12T22:39:36.875Z"}
{"level":"info","message":"[usuarioControllers] - Usuario criado com sucesso","service":"hamburguergama","timestamp":"2023-04-12T22:42:57.419Z"}
{"level":"info","message":"[usuarioControllers] - payload: {\"nome\":\"zzz\",\"email\":\"teste@mail.com\",\"senha\":\"1234\"}","service":"hamburguergama","timestamp":"2023-04-12T22:42:57.420Z"}
{"level":"error","message":"[usuariosControllers] error: SequelizeConnectionError: connect ETIMEDOUT","service":"hamburguergama","timestamp":"2023-04-12T22:43:07.435Z"}
{"level":"info","message":"Iniciando servidor","service":"hamburguergama","timestamp":"2023-04-12T22:43:14.746Z"}
{"level":"info","message":"Configurações setadas com sucesso!","service":"hamburguergama","timestamp":"2023-04-12T22:43:14.750Z"}
{"level":"info","message":"Rotas inicializadas com sucesso!","service":"hamburguergama","timestamp":"2023-04-12T22:43:14.750Z"}
{"level":"info","message":"Servidor rodando na porta 8000","service":"hamburguergama","timestamp":"2023-04-12T22:43:14.753Z"}
{"level":"info","message":"[usuarioControllers] - Usuario criado com sucesso","service":"hamburguergama","timestamp":"2023-04-12T22:43:19.473Z"}
{"level":"info","message":"[usuarioControllers] - payload: {\"nome\":\"zzz\",\"email\":\"teste@mail.com\",\"senha\":\"1234\"}","service":"hamburguergama","timestamp":"2023-04-12T22:43:19.473Z"}
{"level":"error","message":"[usuariosControllers] error: SequelizeDatabaseError: Field 'id' doesn't have a default value","service":"hamburguergama","timestamp":"2023-04-12T22:43:19.547Z"}
{"level":"info","message":"[usuarioControllers] - Usuario criado com sucesso","service":"hamburguergama","timestamp":"2023-04-12T22:47:32.648Z"}
{"level":"info","message":"[usuarioControllers] - payload: {\"nome\":\"zzz\",\"email\":\"teste@mail.com\",\"senha\":\"1234\"}","service":"hamburguergama","timestamp":"2023-04-12T22:47:32.649Z"}
{"level":"error","message":"[usuariosControllers] error: SequelizeDatabaseError: Field 'endereco' doesn't have a default value","service":"hamburguergama","timestamp":"2023-04-12T22:47:32.668Z"}
{"level":"info","message":"Iniciando servidor","service":"hamburguergama","timestamp":"2023-04-12T22:49:12.924Z"}
{"level":"info","message":"Configurações setadas com sucesso!","service":"hamburguergama","timestamp":"2023-04-12T22:49:12.928Z"}
{"level":"info","message":"Rotas inicializadas com sucesso!","service":"hamburguergama","timestamp":"2023-04-12T22:49:12.928Z"}
{"level":"info","message":"Servidor rodando na porta 8000","service":"hamburguergama","timestamp":"2023-04-12T22:49:12.931Z"}
{"level":"info","message":"Iniciando servidor","service":"hamburguergama","timestamp":"2023-04-12T22:50:14.746Z"}
{"level":"info","message":"Configurações setadas com sucesso!","service":"hamburguergama","timestamp":"2023-04-12T22:50:14.751Z"}
{"level":"info","message":"Rotas inicializadas com sucesso!","service":"hamburguergama","timestamp":"2023-04-12T22:50:14.751Z"}
{"level":"info","message":"Servidor rodando na porta 8000","service":"hamburguergama","timestamp":"2023-04-12T22:50:14.754Z"}
{"level":"info","message":"Iniciando servidor","service":"hamburguergama","timestamp":"2023-04-12T22:50:40.371Z"}
{"level":"info","message":"Configurações setadas com sucesso!","service":"hamburguergama","timestamp":"2023-04-12T22:50:40.376Z"}
{"level":"info","message":"Rotas inicializadas com sucesso!","service":"hamburguergama","timestamp":"2023-04-12T22:50:40.376Z"}
{"level":"info","message":"Servidor rodando na porta 8000","service":"hamburguergama","timestamp":"2023-04-12T22:50:40.379Z"}
{"level":"info","message":"Iniciando servidor","service":"hamburguergama","timestamp":"2023-04-12T22:50:42.673Z"}
{"level":"info","message":"Configurações setadas com sucesso!","service":"hamburguergama","timestamp":"2023-04-12T22:50:42.677Z"}
{"level":"info","message":"Rotas inicializadas com sucesso!","service":"hamburguergama","timestamp":"2023-04-12T22:50:42.677Z"}
{"level":"info","message":"Servidor rodando na porta 8000","service":"hamburguergama","timestamp":"2023-04-12T22:50:42.680Z"}
{"level":"info","message":"Iniciando servidor","service":"hamburguergama","timestamp":"2023-04-12T22:51:50.412Z"}
{"level":"info","message":"Configurações setadas com sucesso!","service":"hamburguergama","timestamp":"2023-04-12T22:51:50.416Z"}
{"level":"info","message":"Rotas inicializadas com sucesso!","service":"hamburguergama","timestamp":"2023-04-12T22:51:50.416Z"}
{"level":"info","message":"Servidor rodando na porta 8000","service":"hamburguergama","timestamp":"2023-04-12T22:51:50.419Z"}
{"level":"info","message":"[usuarioControllers] - Usuario criado com sucesso","service":"hamburguergama","timestamp":"2023-04-12T22:51:53.670Z"}
{"level":"info","message":"[usuarioControllers] - payload: {\"nome\":\"zzz\",\"email\":\"teste@mail.com\",\"senha\":\"1234\",\"endereco\":\"rua bruno \",\"telefone\":\"454648\"}","service":"hamburguergama","timestamp":"2023-04-12T22:51:53.671Z"}
{"level":"info","message":"[usuarioControllers] - Usuario adicionado com sucesso!! ;) ","service":"hamburguergama","timestamp":"2023-04-12T22:51:53.730Z"}
{"level":"info","message":"Iniciando servidor","service":"hamburguergama","timestamp":"2023-04-12T22:59:53.023Z"}
{"level":"info","message":"Configurações setadas com sucesso!","service":"hamburguergama","timestamp":"2023-04-12T22:59:53.026Z"}
{"level":"info","message":"Rotas inicializadas com sucesso!","service":"hamburguergama","timestamp":"2023-04-12T22:59:53.027Z"}
{"level":"info","message":"Servidor rodando na porta 8000","service":"hamburguergama","timestamp":"2023-04-12T22:59:53.030Z"}
{"level":"info","message":"Iniciando servidor","service":"hamburguergama","timestamp":"2023-04-12T23:00:23.515Z"}
{"level":"info","message":"Configurações setadas com sucesso!","service":"hamburguergama","timestamp":"2023-04-12T23:00:23.519Z"}
{"level":"info","message":"Rotas inicializadas com sucesso!","service":"hamburguergama","timestamp":"2023-04-12T23:00:23.519Z"}
{"level":"info","message":"Servidor rodando na porta 8000","service":"hamburguergama","timestamp":"2023-04-12T23:00:23.522Z"}
{"level":"info","message":"Iniciando servidor","service":"hamburguergama","timestamp":"2023-04-15T00:30:09.225Z"}
{"level":"info","message":"Configurações setadas com sucesso!","service":"hamburguergama","timestamp":"2023-04-15T00:30:09.231Z"}
{"level":"info","message":"Rotas inicializadas com sucesso!","service":"hamburguergama","timestamp":"2023-04-15T00:30:09.232Z"}
{"level":"info","message":"Servidor rodando na porta 8000","service":"hamburguergama","timestamp":"2023-04-15T00:30:09.237Z"}
{"level":"info","message":"Iniciando servidor","service":"hamburguergama","timestamp":"2023-04-15T00:36:35.851Z"}
{"level":"info","message":"Configurações setadas com sucesso!","service":"hamburguergama","timestamp":"2023-04-15T00:36:35.857Z"}
{"level":"info","message":"Rotas inicializadas com sucesso!","service":"hamburguergama","timestamp":"2023-04-15T00:36:35.858Z"}
{"level":"info","message":"Servidor rodando na porta 3000","service":"hamburguergama","timestamp":"2023-04-15T00:36:35.863Z"}
{"level":"info","message":"Iniciando servidor","service":"hamburguergama","timestamp":"2023-04-15T00:38:16.660Z"}
{"level":"info","message":"Configurações setadas com sucesso!","service":"hamburguergama","timestamp":"2023-04-15T00:38:16.666Z"}
{"level":"info","message":"Rotas inicializadas com sucesso!","service":"hamburguergama","timestamp":"2023-04-15T00:38:16.666Z"}
{"level":"info","message":"Servidor rodando na porta 3000","service":"hamburguergama","timestamp":"2023-04-15T00:38:16.671Z"}
{"level":"info","message":"Iniciando servidor","service":"hamburguergama","timestamp":"2023-04-15T00:43:20.564Z"}
{"level":"info","message":"Configurações setadas com sucesso!","service":"hamburguergama","timestamp":"2023-04-15T00:43:20.577Z"}
{"level":"info","message":"Rotas inicializadas com sucesso!","service":"hamburguergama","timestamp":"2023-04-15T00:43:20.579Z"}
{"level":"info","message":"Servidor rodando na porta 3000","service":"hamburguergama","timestamp":"2023-04-15T00:43:20.586Z"}
{"level":"info","message":"Iniciando servidor","service":"hamburguergama","timestamp":"2023-04-15T00:44:34.115Z"}
{"level":"info","message":"Configurações setadas com sucesso!","service":"hamburguergama","timestamp":"2023-04-15T00:44:34.122Z"}
{"level":"info","message":"Rotas inicializadas com sucesso!","service":"hamburguergama","timestamp":"2023-04-15T00:44:34.123Z"}
{"level":"info","message":"Servidor rodando na porta 3000","service":"hamburguergama","timestamp":"2023-04-15T00:44:34.129Z"}
{"level":"info","message":"Iniciando servidor","service":"hamburguergama","timestamp":"2023-04-15T00:45:36.793Z"}
{"level":"info","message":"Configurações setadas com sucesso!","service":"hamburguergama","timestamp":"2023-04-15T00:45:36.800Z"}
{"level":"info","message":"Rotas inicializadas com sucesso!","service":"hamburguergama","timestamp":"2023-04-15T00:45:36.801Z"}
{"level":"info","message":"Servidor rodando na porta 3000","service":"hamburguergama","timestamp":"2023-04-15T00:45:36.809Z"}
{"level":"info","message":"Iniciando servidor","service":"hamburguergama","timestamp":"2023-04-19T18:56:31.247Z"}
{"level":"info","message":"Configurações setadas com sucesso!","service":"hamburguergama","timestamp":"2023-04-19T18:56:31.252Z"}
{"level":"info","message":"Rotas inicializadas com sucesso!","service":"hamburguergama","timestamp":"2023-04-19T18:56:31.253Z"}
{"level":"info","message":"Servidor rodando na porta 3000","service":"hamburguergama","timestamp":"2023-04-19T18:56:31.259Z"}
{"level":"info","message":"Iniciando servidor","service":"hamburguergama","timestamp":"2023-04-19T20:11:40.724Z"}
{"level":"info","message":"Configurações setadas com sucesso!","service":"hamburguergama","timestamp":"2023-04-19T20:11:40.730Z"}
{"level":"info","message":"Rotas inicializadas com sucesso!","service":"hamburguergama","timestamp":"2023-04-19T20:11:40.730Z"}
{"level":"info","message":"Servidor rodando na porta 3000","service":"hamburguergama","timestamp":"2023-04-19T20:11:40.761Z"}
{"level":"info","message":"Iniciando servidor","service":"hamburguergama","timestamp":"2023-04-19T20:24:39.919Z"}
{"level":"info","message":"Configurações setadas com sucesso!","service":"hamburguergama","timestamp":"2023-04-19T20:24:39.925Z"}
{"level":"info","message":"Rotas inicializadas com sucesso!","service":"hamburguergama","timestamp":"2023-04-19T20:24:39.925Z"}
{"level":"info","message":"Servidor rodando na porta 3000","service":"hamburguergama","timestamp":"2023-04-19T20:24:39.930Z"}
{"level":"info","message":"[usuarioControllers] - Usuario criado com sucesso","service":"hamburguergama","timestamp":"2023-04-19T20:30:05.761Z"}
{"level":"info","message":"[usuarioControllers] - payload: {\"nome\":\"inferno\",\"email\":\"dhadfhb@gmail.com\",\"senha\":\"654321\",\"endereco\":\"porta do inferno, 666\",\"telefone\":\"00 99999-9999\"}","service":"hamburguergama","timestamp":"2023-04-19T20:30:05.792Z"}
{"level":"info","message":"[usuarioControllers] - Usuario adicionado com sucesso!! ;) ","service":"hamburguergama","timestamp":"2023-04-19T20:30:06.504Z"}
{"level":"info","message":"Iniciando servidor","service":"hamburguergama","timestamp":"2023-04-19T22:29:25.196Z"}
{"level":"info","message":"Configurações setadas com sucesso!","service":"hamburguergama","timestamp":"2023-04-19T22:29:25.202Z"}
{"level":"info","message":"Rotas inicializadas com sucesso!","service":"hamburguergama","timestamp":"2023-04-19T22:29:25.203Z"}
{"level":"info","message":"Servidor rodando na porta 3000","service":"hamburguergama","timestamp":"2023-04-19T22:29:25.222Z"}
{"level":"info","message":"[usuarioControllers] - Usuario criado com sucesso","service":"hamburguergama","timestamp":"2023-04-19T22:29:52.081Z"}
{"level":"info","message":"[usuarioControllers] - payload: {\"nome\":\"inferno\",\"email\":\"dhadfhb@gmail.com\",\"senha\":\"654321\",\"endereco\":\"porta do inferno, 666\",\"telefone\":\"00 99999-9999\"}","service":"hamburguergama","timestamp":"2023-04-19T22:29:52.085Z"}
{"level":"error","message":"[usuariosControllers] error: SequelizeUniqueConstraintError: Validation error","service":"hamburguergama","timestamp":"2023-04-19T22:29:52.210Z"}
{"level":"info","message":"[usuarioControllers] - Usuario criado com sucesso","service":"hamburguergama","timestamp":"2023-04-19T22:30:08.592Z"}
{"level":"info","message":"[usuarioControllers] - payload: {\"nome\":\"inferno\",\"email\":\"dasd@gmail.com\",\"senha\":\"654321\",\"endereco\":\"porta do inferno, 666\",\"telefone\":\"00 99999-9999\"}","service":"hamburguergama","timestamp":"2023-04-19T22:30:08.592Z"}
{"level":"info","message":"[usuarioControllers] - Usuario adicionado com sucesso!! ;) ","service":"hamburguergama","timestamp":"2023-04-19T22:30:08.680Z"}
{"level":"info","message":"[usuarioControllers] - Usuario criado com sucesso","service":"hamburguergama","timestamp":"2023-04-19T22:37:32.223Z"}
{"level":"info","message":"[usuarioControllers] - payload: {\"nome\":\"inferno\",\"email\":\"sgsgrsg@gmail.com\",\"senha\":\"fsfs\",\"endereco\":\"porta do inferno, 666\",\"telefone\":\"00 99999-9999\"}","service":"hamburguergama","timestamp":"2023-04-19T22:37:32.224Z"}
{"level":"info","message":"[usuarioControllers] - Usuario adicionado com sucesso!! ;) ","service":"hamburguergama","timestamp":"2023-04-19T22:37:32.303Z"}
{"level":"info","message":"[usuarioControllers] - Usuario criado com sucesso","service":"hamburguergama","timestamp":"2023-04-19T22:38:30.263Z"}
{"level":"info","message":"[usuarioControllers] - payload: {\"nome\":\"inferno\",\"email\":\"dfgh@gmail.com\",\"senha\":\"12345\",\"endereco\":\"porta do inferno, 666\",\"telefone\":\"00 99999-9999\"}","service":"hamburguergama","timestamp":"2023-04-19T22:38:30.263Z"}
{"level":"info","message":"[usuarioControllers] - Usuario adicionado com sucesso!! ;) ","service":"hamburguergama","timestamp":"2023-04-19T22:38:30.335Z"}
{"level":"info","message":"Iniciando servidor","service":"hamburguergama","timestamp":"2023-04-19T23:54:02.687Z"}
{"level":"info","message":"Configurações setadas com sucesso!","service":"hamburguergama","timestamp":"2023-04-19T23:54:02.704Z"}
{"level":"info","message":"Rotas inicializadas com sucesso!","service":"hamburguergama","timestamp":"2023-04-19T23:54:02.704Z"}
{"level":"info","message":"Servidor rodando na porta 3000","service":"hamburguergama","timestamp":"2023-04-19T23:54:02.722Z"}
{"level":"info","message":"Iniciando servidor","service":"hamburguergama","timestamp":"2023-04-19T23:54:12.949Z"}
{"level":"info","message":"Configurações setadas com sucesso!","service":"hamburguergama","timestamp":"2023-04-19T23:54:12.955Z"}
{"level":"info","message":"Rotas inicializadas com sucesso!","service":"hamburguergama","timestamp":"2023-04-19T23:54:12.956Z"}
{"level":"info","message":"Servidor rodando na porta 3000","service":"hamburguergama","timestamp":"2023-04-19T23:54:12.961Z"}
{"level":"info","message":"Iniciando servidor","service":"hamburguergama","timestamp":"2023-04-19T23:54:18.117Z"}
{"level":"info","message":"Configurações setadas com sucesso!","service":"hamburguergama","timestamp":"2023-04-19T23:54:18.124Z"}
{"level":"info","message":"Rotas inicializadas com sucesso!","service":"hamburguergama","timestamp":"2023-04-19T23:54:18.125Z"}
{"level":"info","message":"Servidor rodando na porta 3000","service":"hamburguergama","timestamp":"2023-04-19T23:54:18.131Z"}
{"level":"info","message":"Iniciando servidor","service":"hamburguergama","timestamp":"2023-04-19T23:54:24.579Z"}
{"level":"info","message":"Configurações setadas com sucesso!","service":"hamburguergama","timestamp":"2023-04-19T23:54:24.587Z"}
{"level":"info","message":"Rotas inicializadas com sucesso!","service":"hamburguergama","timestamp":"2023-04-19T23:54:24.587Z"}
{"level":"info","message":"Servidor rodando na porta 3000","service":"hamburguergama","timestamp":"2023-04-19T23:54:24.593Z"}
{"level":"info","message":"Iniciando servidor","service":"hamburguergama","timestamp":"2023-04-19T23:54:38.463Z"}
{"level":"info","message":"Configurações setadas com sucesso!","service":"hamburguergama","timestamp":"2023-04-19T23:54:38.469Z"}
{"level":"info","message":"Rotas inicializadas com sucesso!","service":"hamburguergama","timestamp":"2023-04-19T23:54:38.470Z"}
{"level":"info","message":"Servidor rodando na porta 3000","service":"hamburguergama","timestamp":"2023-04-19T23:54:38.473Z"}
{"level":"info","message":"Iniciando servidor","service":"hamburguergama","timestamp":"2023-04-20T13:45:04.409Z"}
{"level":"info","message":"Configurações setadas com sucesso!","service":"hamburguergama","timestamp":"2023-04-20T13:45:04.414Z"}
{"level":"info","message":"Rotas inicializadas com sucesso!","service":"hamburguergama","timestamp":"2023-04-20T13:45:04.416Z"}
{"level":"info","message":"Servidor rodando na porta 3000","service":"hamburguergama","timestamp":"2023-04-20T13:45:04.421Z"}
{"level":"info","message":"[usuarioControllers] - Usuario criado com sucesso","service":"hamburguergama","timestamp":"2023-04-20T13:45:59.048Z"}
{"level":"info","message":"[usuarioControllers] - payload: {\"nome\":\"Tio Lulu\",\"email\":\"cerberus@gmail.com\",\"senha\":\"666666\",\"endereco\":\"porta do inferno, 666\",\"telefone\":\"00 99999-9999\"}","service":"hamburguergama","timestamp":"2023-04-20T13:45:59.062Z"}
{"level":"error","message":"[usuariosControllers] error: SequelizeDatabaseError: Unknown column 'createdAt' in 'field list'","service":"hamburguergama","timestamp":"2023-04-20T13:46:00.495Z"}
{"level":"info","message":"[usuarioControllers] - Usuario criado com sucesso","service":"hamburguergama","timestamp":"2023-04-20T13:47:22.813Z"}
{"level":"info","message":"[usuarioControllers] - payload: {\"nome\":\"Tio Lulu\",\"email\":\"cerberus@gmail.com\",\"senha\":\"666666\",\"endereco\":\"porta do inferno, 666\",\"telefone\":\"00 99999-9999\"}","service":"hamburguergama","timestamp":"2023-04-20T13:47:22.814Z"}
{"level":"error","message":"[usuariosControllers] error: SequelizeDatabaseError: Unknown column 'createdAt' in 'field list'","service":"hamburguergama","timestamp":"2023-04-20T13:47:22.882Z"}
{"level":"info","message":"[usuarioControllers] - Usuario criado com sucesso","service":"hamburguergama","timestamp":"2023-04-20T13:54:57.756Z"}
{"level":"info","message":"[usuarioControllers] - payload: {\"nome\":\"Tio Lulu\",\"email\":\"cerberus@gmail.com\",\"senha\":\"666666\",\"endereco\":\"porta do inferno, 666\",\"telefone\":\"00 99999-9999\"}","service":"hamburguergama","timestamp":"2023-04-20T13:54:57.756Z"}
{"level":"error","message":"[usuariosControllers] error: SequelizeDatabaseError: Unknown column 'createdAt' in 'field list'","service":"hamburguergama","timestamp":"2023-04-20T13:54:57.821Z"}
{"level":"info","message":"[usuarioControllers] - Usuario criado com sucesso","service":"hamburguergama","timestamp":"2023-04-20T13:55:02.080Z"}
{"level":"info","message":"[usuarioControllers] - payload: {\"nome\":\"Tio Lulu\",\"email\":\"g@gmail.com\",\"senha\":\"666666\",\"endereco\":\"porta do inferno, 666\",\"telefone\":\"00 99999-9999\"}","service":"hamburguergama","timestamp":"2023-04-20T13:55:02.080Z"}
{"level":"error","message":"[usuariosControllers] error: SequelizeDatabaseError: Unknown column 'createdAt' in 'field list'","service":"hamburguergama","timestamp":"2023-04-20T13:55:02.137Z"}
{"level":"info","message":"[usuarioControllers] - Usuario criado com sucesso","service":"hamburguergama","timestamp":"2023-04-20T13:56:00.617Z"}
{"level":"info","message":"[usuarioControllers] - payload: {\"nome\":\"Tio Lulu\",\"email\":\"g@gmail.com\",\"senha\":\"666666\",\"endereco\":\"porta do inferno, 666\",\"telefone\":\"00 99999-9999\"}","service":"hamburguergama","timestamp":"2023-04-20T13:56:00.618Z"}
{"level":"error","message":"[usuariosControllers] error: SequelizeDatabaseError: Unknown column 'createdAt' in 'field list'","service":"hamburguergama","timestamp":"2023-04-20T13:56:00.676Z"}
{"level":"info","message":"Iniciando servidor","service":"hamburguergama","timestamp":"2023-04-20T13:57:46.930Z"}
{"level":"info","message":"Configurações setadas com sucesso!","service":"hamburguergama","timestamp":"2023-04-20T13:57:46.936Z"}
{"level":"info","message":"Rotas inicializadas com sucesso!","service":"hamburguergama","timestamp":"2023-04-20T13:57:46.936Z"}
{"level":"info","message":"Servidor rodando na porta 3000","service":"hamburguergama","timestamp":"2023-04-20T13:57:46.939Z"}
{"level":"info","message":"[usuarioControllers] - Usuario criado com sucesso","service":"hamburguergama","timestamp":"2023-04-20T13:58:05.860Z"}
{"level":"info","message":"[usuarioControllers] - payload: {\"nome\":\"Tio Lulu\",\"email\":\"ijijij@gmail.com\",\"senha\":\"666666\",\"endereco\":\"porta do inferno, 666\",\"telefone\":\"00 99999-9999\"}","service":"hamburguergama","timestamp":"2023-04-20T13:58:05.861Z"}
{"level":"error","message":"[usuariosControllers] error: SequelizeDatabaseError: Unknown column 'createdAt' in 'field list'","service":"hamburguergama","timestamp":"2023-04-20T13:58:06.001Z"}
{"level":"info","message":"Iniciando servidor","service":"hamburguergama","timestamp":"2023-04-20T14:05:55.708Z"}
{"level":"info","message":"Configurações setadas com sucesso!","service":"hamburguergama","timestamp":"2023-04-20T14:05:55.714Z"}
{"level":"info","message":"Rotas inicializadas com sucesso!","service":"hamburguergama","timestamp":"2023-04-20T14:05:55.714Z"}
{"level":"info","message":"Servidor rodando na porta 3000","service":"hamburguergama","timestamp":"2023-04-20T14:05:55.719Z"}
{"level":"info","message":"Iniciando servidor","service":"hamburguergama","timestamp":"2023-04-22T20:24:05.348Z"}
{"level":"info","message":"Configurações setadas com sucesso!","service":"hamburguergama","timestamp":"2023-04-22T20:24:05.354Z"}
{"level":"info","message":"Rotas inicializadas com sucesso!","service":"hamburguergama","timestamp":"2023-04-22T20:24:05.354Z"}
{"level":"info","message":"Servidor rodando na porta 3000","service":"hamburguergama","timestamp":"2023-04-22T20:24:05.359Z"}
{"level":"info","message":"Iniciando servidor","service":"hamburguergama","timestamp":"2023-04-22T20:30:01.899Z"}
{"level":"info","message":"Configurações setadas com sucesso!","service":"hamburguergama","timestamp":"2023-04-22T20:30:01.903Z"}
{"level":"info","message":"Rotas inicializadas com sucesso!","service":"hamburguergama","timestamp":"2023-04-22T20:30:01.903Z"}
{"level":"info","message":"Servidor rodando na porta 3000","service":"hamburguergama","timestamp":"2023-04-22T20:30:01.906Z"}
{"level":"info","message":"Iniciando servidor","service":"hamburguergama","timestamp":"2023-04-22T20:45:04.317Z"}
{"level":"info","message":"Configurações setadas com sucesso!","service":"hamburguergama","timestamp":"2023-04-22T20:45:04.321Z"}
{"level":"info","message":"Rotas inicializadas com sucesso!","service":"hamburguergama","timestamp":"2023-04-22T20:45:04.322Z"}
{"level":"info","message":"Servidor rodando na porta 3000","service":"hamburguergama","timestamp":"2023-04-22T20:45:04.325Z"}
{"level":"info","message":"Iniciando servidor","service":"hamburguergama","timestamp":"2023-04-22T20:53:56.140Z"}
{"level":"info","message":"Configurações setadas com sucesso!","service":"hamburguergama","timestamp":"2023-04-22T20:53:56.144Z"}
{"level":"info","message":"Rotas inicializadas com sucesso!","service":"hamburguergama","timestamp":"2023-04-22T20:53:56.144Z"}
{"level":"info","message":"Servidor rodando na porta 3000","service":"hamburguergama","timestamp":"2023-04-22T20:53:56.147Z"}
{"level":"info","message":"Iniciando servidor","service":"hamburguergama","timestamp":"2023-04-22T20:54:54.961Z"}
{"level":"info","message":"Configurações setadas com sucesso!","service":"hamburguergama","timestamp":"2023-04-22T20:54:54.965Z"}
{"level":"info","message":"Rotas inicializadas com sucesso!","service":"hamburguergama","timestamp":"2023-04-22T20:54:54.966Z"}
{"level":"info","message":"Servidor rodando na porta 3000","service":"hamburguergama","timestamp":"2023-04-22T20:54:54.969Z"}
{"level":"info","message":"Iniciando servidor","service":"hamburguergama","timestamp":"2023-04-22T20:56:19.898Z"}
{"level":"info","message":"Configurações setadas com sucesso!","service":"hamburguergama","timestamp":"2023-04-22T20:56:19.901Z"}
{"level":"info","message":"Rotas inicializadas com sucesso!","service":"hamburguergama","timestamp":"2023-04-22T20:56:19.902Z"}
{"level":"info","message":"Servidor rodando na porta 3000","service":"hamburguergama","timestamp":"2023-04-22T20:56:19.905Z"}
{"level":"info","message":"[usuarioControllers] - Usuario criado com sucesso","service":"hamburguergama","timestamp":"2023-04-22T21:06:38.863Z"}
{"level":"info","message":"[usuarioControllers] - payload: {\"nome\":\"teste\",\"email\":\"teste@email.com\",\"senha\":1234567890,\"endereco\":\"qualquer\",\"telefone\":2193839383}","service":"hamburguergama","timestamp":"2023-04-22T21:06:38.864Z"}
{"level":"error","message":"[usuariosControllers] error: Error: data must be a string or Buffer and salt must either be a salt string or a number of rounds","service":"hamburguergama","timestamp":"2023-04-22T21:06:38.864Z"}
{"level":"info","message":"[usuarioControllers] - Usuario criado com sucesso","service":"hamburguergama","timestamp":"2023-04-22T21:10:46.836Z"}
{"level":"info","message":"[usuarioControllers] - payload: {\"nome\":\"teste\",\"email\":\"teste@email.com\",\"senha\":1234567890,\"endereco\":\"qualquer\",\"telefone\":2193839383}","service":"hamburguergama","timestamp":"2023-04-22T21:10:46.836Z"}
{"level":"error","message":"[usuariosControllers] error: Error: data must be a string or Buffer and salt must either be a salt string or a number of rounds","service":"hamburguergama","timestamp":"2023-04-22T21:10:46.836Z"}
{"level":"info","message":"Iniciando servidor","service":"hamburguergama","timestamp":"2023-04-22T21:14:51.035Z"}
{"level":"info","message":"Configurações setadas com sucesso!","service":"hamburguergama","timestamp":"2023-04-22T21:14:51.039Z"}
{"level":"info","message":"Rotas inicializadas com sucesso!","service":"hamburguergama","timestamp":"2023-04-22T21:14:51.040Z"}
{"level":"info","message":"Servidor rodando na porta 3000","service":"hamburguergama","timestamp":"2023-04-22T21:14:51.043Z"}
{"level":"info","message":"[usuarioControllers] - Usuario criado com sucesso","service":"hamburguergama","timestamp":"2023-04-22T21:15:02.939Z"}
{"level":"info","message":"[usuarioControllers] - payload: {\"nome\":\"teste\",\"email\":\"teste@email.com\",\"senha\":1234567890,\"endereco\":\"qualquer\",\"telefone\":2193839383}","service":"hamburguergama","timestamp":"2023-04-22T21:15:02.940Z"}
{"level":"error","message":"[usuariosControllers] error: Error: data must be a string or Buffer and salt must either be a salt string or a number of rounds","service":"hamburguergama","timestamp":"2023-04-22T21:15:02.942Z"}
{"level":"info","message":"[usuarioControllers] - Usuario criado com sucesso","service":"hamburguergama","timestamp":"2023-04-22T21:16:23.060Z"}
{"level":"info","message":"[usuarioControllers] - payload: {\"nome\":\"teste\",\"email\":\"teste@email.com\",\"senha\":1234567890,\"endereco\":\"qualquer\",\"telefone\":2193839383}","service":"hamburguergama","timestamp":"2023-04-22T21:16:23.060Z"}
{"level":"error","message":"[usuariosControllers] error: Error: data must be a string or Buffer and salt must either be a salt string or a number of rounds","service":"hamburguergama","timestamp":"2023-04-22T21:16:23.061Z"}
{"level":"info","message":"[usuarioControllers] - Usuario criado com sucesso","service":"hamburguergama","timestamp":"2023-04-22T21:18:21.225Z"}
{"level":"info","message":"[usuarioControllers] - payload: {\"nome\":\"teste\",\"email\":\"teste@email.com\",\"senha\":1234567890,\"endereco\":\"qualquer\",\"telefone\":2193839383}","service":"hamburguergama","timestamp":"2023-04-22T21:18:21.226Z"}
{"level":"error","message":"[usuariosControllers] error: Error: data must be a string or Buffer and salt must either be a salt string or a number of rounds","service":"hamburguergama","timestamp":"2023-04-22T21:18:21.226Z"}
{"level":"info","message":"[usuarioControllers] - Usuario criado com sucesso","service":"hamburguergama","timestamp":"2023-04-22T21:18:48.435Z"}
{"level":"info","message":"[usuarioControllers] - payload: {\"nome\":\"teste\",\"email\":\"teste@email.com\",\"senha\":\"1234567890\",\"endereco\":\"qualquer\",\"telefone\":2193839383}","service":"hamburguergama","timestamp":"2023-04-22T21:18:48.435Z"}
{"level":"info","message":"[usuarioControllers] - Usuario adicionado com sucesso!! ;) ","service":"hamburguergama","timestamp":"2023-04-22T21:18:48.641Z"}
{"level":"info","message":"Iniciando servidor","service":"hamburguergama","timestamp":"2023-04-22T21:24:19.477Z"}
{"level":"info","message":"Configurações setadas com sucesso!","service":"hamburguergama","timestamp":"2023-04-22T21:24:19.487Z"}
{"level":"info","message":"Rotas inicializadas com sucesso!","service":"hamburguergama","timestamp":"2023-04-22T21:24:19.488Z"}
{"level":"info","message":"Servidor rodando na porta 3000","service":"hamburguergama","timestamp":"2023-04-22T21:24:19.492Z"}
{"level":"info","message":"Iniciando servidor","service":"hamburguergama","timestamp":"2023-04-22T21:27:22.649Z"}
{"level":"info","message":"Configurações setadas com sucesso!","service":"hamburguergama","timestamp":"2023-04-22T21:27:22.654Z"}
{"level":"info","message":"Rotas inicializadas com sucesso!","service":"hamburguergama","timestamp":"2023-04-22T21:27:22.654Z"}
{"level":"info","message":"Servidor rodando na porta 3000","service":"hamburguergama","timestamp":"2023-04-22T21:27:22.657Z"}
{"level":"info","message":"Iniciando servidor","service":"hamburguergama","timestamp":"2023-04-22T21:28:02.955Z"}
{"level":"info","message":"Configurações setadas com sucesso!","service":"hamburguergama","timestamp":"2023-04-22T21:28:02.964Z"}
{"level":"info","message":"Rotas inicializadas com sucesso!","service":"hamburguergama","timestamp":"2023-04-22T21:28:02.965Z"}
{"level":"info","message":"Servidor rodando na porta 3000","service":"hamburguergama","timestamp":"2023-04-22T21:28:02.971Z"}
{"level":"info","message":"Iniciando servidor","service":"hamburguergama","timestamp":"2023-04-22T21:29:10.108Z"}
{"level":"info","message":"Configurações setadas com sucesso!","service":"hamburguergama","timestamp":"2023-04-22T21:29:10.112Z"}
{"level":"info","message":"Rotas inicializadas com sucesso!","service":"hamburguergama","timestamp":"2023-04-22T21:29:10.112Z"}
{"level":"info","message":"Servidor rodando na porta 3000","service":"hamburguergama","timestamp":"2023-04-22T21:29:10.115Z"}
{"level":"info","message":"Iniciando servidor","service":"hamburguergama","timestamp":"2023-04-22T21:35:20.036Z"}
{"level":"info","message":"Configurações setadas com sucesso!","service":"hamburguergama","timestamp":"2023-04-22T21:35:20.042Z"}
{"level":"info","message":"Rotas inicializadas com sucesso!","service":"hamburguergama","timestamp":"2023-04-22T21:35:20.043Z"}
{"level":"info","message":"Servidor rodando na porta 3000","service":"hamburguergama","timestamp":"2023-04-22T21:35:20.046Z"}
{"level":"info","message":"Iniciando servidor","service":"hamburguergama","timestamp":"2023-04-22T21:36:08.666Z"}
{"level":"info","message":"Configurações setadas com sucesso!","service":"hamburguergama","timestamp":"2023-04-22T21:36:08.670Z"}
{"level":"info","message":"Rotas inicializadas com sucesso!","service":"hamburguergama","timestamp":"2023-04-22T21:36:08.671Z"}
{"level":"info","message":"Servidor rodando na porta 3000","service":"hamburguergama","timestamp":"2023-04-22T21:36:08.674Z"}
{"level":"info","message":"Iniciando servidor","service":"hamburguergama","timestamp":"2023-04-22T21:38:04.462Z"}
{"level":"info","message":"Configurações setadas com sucesso!","service":"hamburguergama","timestamp":"2023-04-22T21:38:04.466Z"}
{"level":"info","message":"Rotas inicializadas com sucesso!","service":"hamburguergama","timestamp":"2023-04-22T21:38:04.467Z"}
{"level":"info","message":"Servidor rodando na porta 3000","service":"hamburguergama","timestamp":"2023-04-22T21:38:04.470Z"}
{"level":"info","message":"Iniciando servidor","service":"hamburguergama","timestamp":"2023-04-22T21:41:33.299Z"}
{"level":"info","message":"Configurações setadas com sucesso!","service":"hamburguergama","timestamp":"2023-04-22T21:41:33.303Z"}
{"level":"info","message":"Rotas inicializadas com sucesso!","service":"hamburguergama","timestamp":"2023-04-22T21:41:33.303Z"}
{"level":"info","message":"Servidor rodando na porta 3000","service":"hamburguergama","timestamp":"2023-04-22T21:41:33.308Z"}
{"level":"info","message":"Iniciando servidor","service":"hamburguergama","timestamp":"2023-04-22T21:54:12.708Z"}
{"level":"info","message":"Configurações setadas com sucesso!","service":"hamburguergama","timestamp":"2023-04-22T21:54:12.712Z"}
{"level":"info","message":"Rotas inicializadas com sucesso!","service":"hamburguergama","timestamp":"2023-04-22T21:54:12.712Z"}
{"level":"info","message":"Servidor rodando na porta 3000","service":"hamburguergama","timestamp":"2023-04-22T21:54:12.716Z"}
{"level":"info","message":"Iniciando servidor","service":"hamburguergama","timestamp":"2023-04-22T21:58:25.968Z"}
{"level":"info","message":"Configurações setadas com sucesso!","service":"hamburguergama","timestamp":"2023-04-22T21:58:25.972Z"}
{"level":"info","message":"Rotas inicializadas com sucesso!","service":"hamburguergama","timestamp":"2023-04-22T21:58:25.972Z"}
{"level":"info","message":"Servidor rodando na porta 3000","service":"hamburguergama","timestamp":"2023-04-22T21:58:25.975Z"}
{"level":"info","message":"Iniciando servidor","service":"hamburguergama","timestamp":"2023-04-22T22:01:02.878Z"}
{"level":"info","message":"Configurações setadas com sucesso!","service":"hamburguergama","timestamp":"2023-04-22T22:01:02.881Z"}
{"level":"info","message":"Rotas inicializadas com sucesso!","service":"hamburguergama","timestamp":"2023-04-22T22:01:02.882Z"}
{"level":"info","message":"Servidor rodando na porta 3000","service":"hamburguergama","timestamp":"2023-04-22T22:01:02.885Z"}
{"level":"info","message":"Iniciando servidor","service":"hamburguergama","timestamp":"2023-04-22T22:06:44.488Z"}
{"level":"info","message":"Configurações setadas com sucesso!","service":"hamburguergama","timestamp":"2023-04-22T22:06:44.495Z"}
{"level":"info","message":"Rotas inicializadas com sucesso!","service":"hamburguergama","timestamp":"2023-04-22T22:06:44.496Z"}
{"level":"info","message":"Servidor rodando na porta 3000","service":"hamburguergama","timestamp":"2023-04-22T22:06:44.501Z"}
{"level":"info","message":"Iniciando servidor","service":"hamburguergama","timestamp":"2023-04-22T22:08:02.987Z"}
{"level":"info","message":"Configurações setadas com sucesso!","service":"hamburguergama","timestamp":"2023-04-22T22:08:02.992Z"}
{"level":"info","message":"Rotas inicializadas com sucesso!","service":"hamburguergama","timestamp":"2023-04-22T22:08:02.992Z"}
{"level":"info","message":"Servidor rodando na porta 3000","service":"hamburguergama","timestamp":"2023-04-22T22:08:02.995Z"}
{"level":"info","message":"Iniciando servidor","service":"hamburguergama","timestamp":"2023-04-22T22:14:44.202Z"}
{"level":"info","message":"Configurações setadas com sucesso!","service":"hamburguergama","timestamp":"2023-04-22T22:14:44.209Z"}
{"level":"info","message":"Rotas inicializadas com sucesso!","service":"hamburguergama","timestamp":"2023-04-22T22:14:44.210Z"}
{"level":"info","message":"Servidor rodando na porta 3000","service":"hamburguergama","timestamp":"2023-04-22T22:14:44.213Z"}
{"level":"info","message":"Iniciando servidor","service":"hamburguergama","timestamp":"2023-04-22T22:16:19.076Z"}
{"level":"info","message":"Configurações setadas com sucesso!","service":"hamburguergama","timestamp":"2023-04-22T22:16:19.082Z"}
{"level":"info","message":"Rotas inicializadas com sucesso!","service":"hamburguergama","timestamp":"2023-04-22T22:16:19.082Z"}
{"level":"info","message":"Servidor rodando na porta 3000","service":"hamburguergama","timestamp":"2023-04-22T22:16:19.087Z"}
{"level":"info","message":"Iniciando servidor","service":"hamburguergama","timestamp":"2023-04-23T00:08:40.363Z"}
{"level":"info","message":"Configurações setadas com sucesso!","service":"hamburguergama","timestamp":"2023-04-23T00:08:40.367Z"}
{"level":"info","message":"Rotas inicializadas com sucesso!","service":"hamburguergama","timestamp":"2023-04-23T00:08:40.367Z"}
{"level":"info","message":"Servidor rodando na porta 3000","service":"hamburguergama","timestamp":"2023-04-23T00:08:40.370Z"}
{"level":"info","message":"[usuarioControllers] - payload: {\"nome\":\"hamburguer\",\"email\":\"zzz\",\"senha\":\"333\",\"endereco\":\"222\",\"telefone\":\"2222\"}","service":"hamburguergama","timestamp":"2023-04-23T00:09:30.585Z"}
{"level":"error","message":"[usuariosControllers] error: SequelizeAccessDeniedError: Access denied for user ''@'localhost' (using password: YES)","service":"hamburguergama","timestamp":"2023-04-23T00:09:30.723Z"}
{"level":"info","message":"Iniciando servidor","service":"hamburguergama","timestamp":"2023-04-23T00:10:10.873Z"}
{"level":"info","message":"Configurações setadas com sucesso!","service":"hamburguergama","timestamp":"2023-04-23T00:10:10.877Z"}
{"level":"info","message":"Rotas inicializadas com sucesso!","service":"hamburguergama","timestamp":"2023-04-23T00:10:10.877Z"}
{"level":"info","message":"Servidor rodando na porta 3000","service":"hamburguergama","timestamp":"2023-04-23T00:10:10.880Z"}
{"level":"info","message":"[usuarioControllers] - payload: {\"nome\":\"hamburguer\",\"email\":\"zzz\",\"senha\":\"333\",\"endereco\":\"222\",\"telefone\":\"2222\"}","service":"hamburguergama","timestamp":"2023-04-23T00:10:17.572Z"}
{"level":"error","message":"[usuariosControllers] error: SequelizeUniqueConstraintError: Validation error","service":"hamburguergama","timestamp":"2023-04-23T00:10:17.681Z"}
{"level":"info","message":"Iniciando servidor","service":"hamburguergama","timestamp":"2023-04-23T00:12:27.345Z"}
{"level":"info","message":"Configurações setadas com sucesso!","service":"hamburguergama","timestamp":"2023-04-23T00:12:27.349Z"}
{"level":"info","message":"Rotas inicializadas com sucesso!","service":"hamburguergama","timestamp":"2023-04-23T00:12:27.349Z"}
{"level":"info","message":"Servidor rodando na porta 3000","service":"hamburguergama","timestamp":"2023-04-23T00:12:27.353Z"}
{"level":"info","message":"[usuarioControllers] - payload: {\"nome\":\"hamburguer\",\"email\":\"zzz\",\"senha\":\"333\",\"endereco\":\"222\",\"telefone\":\"2222\"}","service":"hamburguergama","timestamp":"2023-04-23T00:12:29.747Z"}
{"level":"error","message":"[usuariosControllers] error: SequelizeUniqueConstraintError: Validation error","service":"hamburguergama","timestamp":"2023-04-23T00:12:29.850Z"}
{"level":"info","message":"Iniciando servidor","service":"hamburguergama","timestamp":"2023-04-23T00:13:37.864Z"}
{"level":"info","message":"Configurações setadas com sucesso!","service":"hamburguergama","timestamp":"2023-04-23T00:13:37.868Z"}
{"level":"info","message":"Rotas inicializadas com sucesso!","service":"hamburguergama","timestamp":"2023-04-23T00:13:37.869Z"}
{"level":"info","message":"Servidor rodando na porta 3000","service":"hamburguergama","timestamp":"2023-04-23T00:13:37.872Z"}
{"level":"info","message":"[usuarioControllers] - payload: {\"nome\":\"hamburguer\",\"email\":\"zzz\",\"senha\":\"333\",\"endereco\":\"222\",\"telefone\":\"2222\"}","service":"hamburguergama","timestamp":"2023-04-23T00:17:46.872Z"}
{"level":"error","message":"[usuariosControllers] error: SequelizeUniqueConstraintError: Validation error","service":"hamburguergama","timestamp":"2023-04-23T00:17:46.935Z"}
{"level":"info","message":"[usuarioControllers] - payload: {\"nome\":\"hamburguer\",\"email\":\"zzz\",\"senha\":\"333\",\"endereco\":\"222\",\"telefone\":\"2222\"}","service":"hamburguergama","timestamp":"2023-04-23T00:18:44.533Z"}
{"level":"error","message":"[usuariosControllers] error: SequelizeUniqueConstraintError: Validation error","service":"hamburguergama","timestamp":"2023-04-23T00:18:44.591Z"}
{"level":"info","message":"[usuarioControllers] - payload: {\"nome\":\"hamburguer\",\"email\":\"zzz\",\"senha\":\"333\",\"endereco\":\"222\",\"telefone\":\"2222\"}","service":"hamburguergama","timestamp":"2023-04-23T00:19:49.273Z"}
{"level":"error","message":"[usuariosControllers] error: SequelizeUniqueConstraintError: Validation error","service":"hamburguergama","timestamp":"2023-04-23T00:19:49.330Z"}
{"level":"info","message":"[usuarioControllers] - payload: {\"nome\":\"hamburguer\",\"email\":\"zzz\",\"senha\":\"333\",\"endereco\":\"222\",\"telefone\":\"2222\",\"createdAt\":\" \",\"updatedAt\":\"\"}","service":"hamburguergama","timestamp":"2023-04-23T00:21:07.236Z"}
{"level":"error","message":"[usuariosControllers] error: SequelizeUniqueConstraintError: Validation error","service":"hamburguergama","timestamp":"2023-04-23T00:21:07.294Z"}
{"level":"info","message":"Iniciando servidor","service":"hamburguergama","timestamp":"2023-04-23T00:31:11.175Z"}
{"level":"info","message":"Configurações setadas com sucesso!","service":"hamburguergama","timestamp":"2023-04-23T00:31:11.179Z"}
{"level":"info","message":"Rotas inicializadas com sucesso!","service":"hamburguergama","timestamp":"2023-04-23T00:31:11.180Z"}
{"level":"info","message":"Servidor rodando na porta 3000","service":"hamburguergama","timestamp":"2023-04-23T00:31:11.183Z"}
{"level":"info","message":"[usuarioControllers] - payload: {\"nome\":\"hamburguer\",\"email\":\"zzz\",\"senha\":\"333\",\"endereco\":\"222\",\"telefone\":\"2222\"}","service":"hamburguergama","timestamp":"2023-04-23T00:31:14.276Z"}
{"level":"error","message":"[usuariosControllers] error: SequelizeUniqueConstraintError: Validation error","service":"hamburguergama","timestamp":"2023-04-23T00:31:14.381Z"}
{"level":"info","message":"Iniciando servidor","service":"hamburguergama","timestamp":"2023-04-23T00:55:49.630Z"}
{"level":"info","message":"Configurações setadas com sucesso!","service":"hamburguergama","timestamp":"2023-04-23T00:55:49.634Z"}
{"level":"info","message":"Rotas inicializadas com sucesso!","service":"hamburguergama","timestamp":"2023-04-23T00:55:49.634Z"}
{"level":"info","message":"Servidor rodando na porta 3000","service":"hamburguergama","timestamp":"2023-04-23T00:55:49.637Z"}
{"level":"info","message":"[usuarioControllers] - payload: {\"nome\":\"hamburguer\",\"email\":\"zzz\",\"senha\":\"333\",\"endereco\":\"222\",\"telefone\":\"2222\"}","service":"hamburguergama","timestamp":"2023-04-23T00:55:51.465Z"}
{"level":"error","message":"[usuariosControllers] error: SequelizeUniqueConstraintError: Validation error","service":"hamburguergama","timestamp":"2023-04-23T00:55:51.569Z"}
{"level":"info","message":"Iniciando servidor","service":"hamburguergama","timestamp":"2023-04-23T00:58:11.686Z"}
{"level":"info","message":"Configurações setadas com sucesso!","service":"hamburguergama","timestamp":"2023-04-23T00:58:11.690Z"}
{"level":"info","message":"Rotas inicializadas com sucesso!","service":"hamburguergama","timestamp":"2023-04-23T00:58:11.691Z"}
{"level":"info","message":"Servidor rodando na porta 3000","service":"hamburguergama","timestamp":"2023-04-23T00:58:11.694Z"}
{"level":"info","message":"[usuarioControllers] - payload: {\"nome\":\"hamburguezzr\",\"email\":\"zzzdd\",\"senha\":\"333\",\"endereco\":\"222\",\"telefone\":\"2222\"}","service":"hamburguergama","timestamp":"2023-04-23T00:58:19.401Z"}
{"level":"error","message":"[usuariosControllers] error: SequelizeUniqueConstraintError: Validation error","service":"hamburguergama","timestamp":"2023-04-23T00:58:19.504Z"}
{"level":"info","message":"Iniciando servidor","service":"hamburguergama","timestamp":"2023-04-23T01:00:45.549Z"}
{"level":"info","message":"Configurações setadas com sucesso!","service":"hamburguergama","timestamp":"2023-04-23T01:00:45.553Z"}
{"level":"info","message":"Rotas inicializadas com sucesso!","service":"hamburguergama","timestamp":"2023-04-23T01:00:45.553Z"}
{"level":"info","message":"Servidor rodando na porta 3000","service":"hamburguergama","timestamp":"2023-04-23T01:00:45.556Z"}
{"level":"info","message":"[usuarioControllers] - payload: {\"nome\":\"hamburguezzr\",\"email\":\"zzzdd\",\"senha\":\"333\",\"endereco\":\"222\",\"telefone\":\"2222\"}","service":"hamburguergama","timestamp":"2023-04-23T01:00:49.310Z"}
{"level":"error","message":"[usuariosControllers] error: SequelizeUniqueConstraintError: Validation error","service":"hamburguergama","timestamp":"2023-04-23T01:00:49.417Z"}
{"level":"info","message":"[usuarioControllers] - payload: {\"nome\":\"hamburguezz55r\",\"email\":\"zzz555\",\"senha\":\"333\",\"endereco\":\"222\",\"telefone\":\"2222\"}","service":"hamburguergama","timestamp":"2023-04-23T01:01:28.530Z"}
{"level":"info","message":"[usuarioControllers] - Usuario adicionado com sucesso!! ;) ","service":"hamburguergama","timestamp":"2023-04-23T01:01:28.591Z"}
{"level":"info","message":"[produtosControllers] - Produto adicionado ao carrinho","service":"hamburguergama","timestamp":"2023-04-23T01:04:14.989Z"}
{"level":"info","message":"[produtosControllers] - payload: {\"nome_produto\":\"hamburguer\",\"descricao\":\"pao com carne\",\"preco\":\"2,00\"}","service":"hamburguergama","timestamp":"2023-04-23T01:04:14.990Z"}
{"level":"error","message":"[pedidosControllers] error: SequelizeDatabaseError: Unknown column 'nome_produto' in 'field list'","service":"hamburguergama","timestamp":"2023-04-23T01:04:14.994Z"}
{"level":"info","message":"Iniciando servidor","service":"hamburguergama","timestamp":"2023-04-23T01:05:44.179Z"}
{"level":"info","message":"Configurações setadas com sucesso!","service":"hamburguergama","timestamp":"2023-04-23T01:05:44.183Z"}
{"level":"info","message":"Rotas inicializadas com sucesso!","service":"hamburguergama","timestamp":"2023-04-23T01:05:44.183Z"}
{"level":"info","message":"Servidor rodando na porta 3000","service":"hamburguergama","timestamp":"2023-04-23T01:05:44.186Z"}
{"level":"info","message":"[produtosControllers] - Produto adicionado ao carrinho","service":"hamburguergama","timestamp":"2023-04-23T01:11:59.613Z"}
{"level":"info","message":"[produtosControllers] - payload: {\"nome_produto\":\"hamburguer\",\"descricao\":\"pao com carne\",\"preco\":\"2,00\"}","service":"hamburguergama","timestamp":"2023-04-23T01:11:59.613Z"}
{"level":"error","message":"[pedidosControllers] error: SequelizeDatabaseError: Unknown column 'nome_produto' in 'field list'","service":"hamburguergama","timestamp":"2023-04-23T01:11:59.617Z"}
{"level":"info","message":"[produtosControllers] - Produto adicionado ao carrinho","service":"hamburguergama","timestamp":"2023-04-23T01:13:08.206Z"}
{"level":"info","message":"[produtosControllers] - payload: {\"nome_produto\":\"hamburguerzz\",\"descricao\":\"pao com carnezz\",\"preco\":\"2,00\"}","service":"hamburguergama","timestamp":"2023-04-23T01:13:08.206Z"}
{"level":"error","message":"[pedidosControllers] error: SequelizeDatabaseError: Unknown column 'nome_produto' in 'field list'","service":"hamburguergama","timestamp":"2023-04-23T01:13:08.210Z"}
{"level":"info","message":"[produtosControllers] - Produto adicionado ao carrinho","service":"hamburguergama","timestamp":"2023-04-23T01:13:58.253Z"}
{"level":"info","message":"[produtosControllers] - payload: {\"nome_produto\":\"hamburguerzz\",\"descricao\":\"pao com carnezz\",\"preco\":\"2,00\"}","service":"hamburguergama","timestamp":"2023-04-23T01:13:58.253Z"}
{"level":"error","message":"[pedidosControllers] error: SequelizeDatabaseError: Unknown column 'nome_produto' in 'field list'","service":"hamburguergama","timestamp":"2023-04-23T01:13:58.257Z"}
{"level":"info","message":"Iniciando servidor","service":"hamburguergama","timestamp":"2023-04-23T01:15:31.055Z"}
{"level":"info","message":"Configurações setadas com sucesso!","service":"hamburguergama","timestamp":"2023-04-23T01:15:31.059Z"}
{"level":"info","message":"Rotas inicializadas com sucesso!","service":"hamburguergama","timestamp":"2023-04-23T01:15:31.060Z"}
{"level":"info","message":"Servidor rodando na porta 3000","service":"hamburguergama","timestamp":"2023-04-23T01:15:31.063Z"}
{"level":"info","message":"[produtosControllers] - Produto adicionado ao carrinho","service":"hamburguergama","timestamp":"2023-04-23T01:16:10.426Z"}
{"level":"info","message":"[produtosControllers] - payload: {\"nome\":\"hamburguerzz\",\"descricao\":\"pao com carnezz\",\"preco\":\"2,00\"}","service":"hamburguergama","timestamp":"2023-04-23T01:16:10.427Z"}
{"level":"error","message":"[pedidosControllers] error: SequelizeDatabaseError: Incorrect decimal value: '2,00' for column 'preco' at row 1","service":"hamburguergama","timestamp":"2023-04-23T01:16:10.443Z"}
{"level":"info","message":"[produtosControllers] - Produto adicionado ao carrinho","service":"hamburguergama","timestamp":"2023-04-23T01:16:37.457Z"}
{"level":"info","message":"[produtosControllers] - payload: {\"nome\":\"hamburguerzz\",\"descricao\":\"pao com carnezz\",\"preco\":\"22,0\"}","service":"hamburguergama","timestamp":"2023-04-23T01:16:37.457Z"}
{"level":"error","message":"[pedidosControllers] error: SequelizeDatabaseError: Incorrect decimal value: '22,0' for column 'preco' at row 1","service":"hamburguergama","timestamp":"2023-04-23T01:16:37.461Z"}
{"level":"info","message":"[produtosControllers] - Produto adicionado ao carrinho","service":"hamburguergama","timestamp":"2023-04-23T01:17:36.224Z"}
{"level":"info","message":"[produtosControllers] - payload: {\"nome\":\"hamburguerzz\",\"descricao\":\"pao com carnezz\",\"preco\":\"10,2\"}","service":"hamburguergama","timestamp":"2023-04-23T01:17:36.225Z"}
{"level":"error","message":"[pedidosControllers] error: SequelizeDatabaseError: Incorrect decimal value: '10,2' for column 'preco' at row 1","service":"hamburguergama","timestamp":"2023-04-23T01:17:36.229Z"}
{"level":"info","message":"[produtosControllers] - Produto adicionado ao carrinho","service":"hamburguergama","timestamp":"2023-04-23T01:17:45.295Z"}
{"level":"info","message":"[produtosControllers] - payload: {\"nome\":\"hamburguerzz\",\"descricao\":\"pao com carnezz\",\"preco\":\"10\"}","service":"hamburguergama","timestamp":"2023-04-23T01:17:45.295Z"}
{"level":"error","message":"[pedidosControllers] error: SequelizeDatabaseError: Field 'id_categoria' doesn't have a default value","service":"hamburguergama","timestamp":"2023-04-23T01:17:45.297Z"}
{"level":"info","message":"Iniciando servidor","service":"hamburguergama","timestamp":"2023-04-23T12:48:00.192Z"}
{"level":"info","message":"Configurações setadas com sucesso!","service":"hamburguergama","timestamp":"2023-04-23T12:48:00.196Z"}
{"level":"info","message":"Rotas inicializadas com sucesso!","service":"hamburguergama","timestamp":"2023-04-23T12:48:00.196Z"}
{"level":"info","message":"Servidor rodando na porta 3000","service":"hamburguergama","timestamp":"2023-04-23T12:48:00.200Z"}
{"level":"info","message":"[produtosControllers] - Produto adicionado ao carrinho","service":"hamburguergama","timestamp":"2023-04-23T12:48:58.103Z"}
{"level":"info","message":"[produtosControllers] - payload: {\"nome\":\"hamburguerzz\",\"descricao\":\"pao com carnezz\",\"preco\":\"10\"}","service":"hamburguergama","timestamp":"2023-04-23T12:48:58.104Z"}
{"level":"error","message":"[pedidosControllers] error: SequelizeDatabaseError: Field 'id_categoria' doesn't have a default value","service":"hamburguergama","timestamp":"2023-04-23T12:48:58.114Z"}
{"level":"info","message":"[produtosControllers] - Produto adicionado ao carrinho","service":"hamburguergama","timestamp":"2023-04-23T12:50:22.827Z"}
{"level":"info","message":"[produtosControllers] - payload: {\"nome\":\"hamburguerzz\",\"descricao\":\"pao com carnezz\",\"preco\":\"10\",\"id_categoria\":\"1\"}","service":"hamburguergama","timestamp":"2023-04-23T12:50:22.827Z"}
{"level":"error","message":"[pedidosControllers] error: SequelizeDatabaseError: Field 'id_categoria' doesn't have a default value","service":"hamburguergama","timestamp":"2023-04-23T12:50:22.831Z"}
{"level":"info","message":"Iniciando servidor","service":"hamburguergama","timestamp":"2023-04-23T13:33:42.139Z"}
{"level":"info","message":"Configurações setadas com sucesso!","service":"hamburguergama","timestamp":"2023-04-23T13:33:42.143Z"}
{"level":"info","message":"Rotas inicializadas com sucesso!","service":"hamburguergama","timestamp":"2023-04-23T13:33:42.144Z"}
{"level":"info","message":"Servidor rodando na porta 3000","service":"hamburguergama","timestamp":"2023-04-23T13:33:42.147Z"}
{"level":"info","message":"[produtosControllers] - Produto adicionado ao carrinho","service":"hamburguergama","timestamp":"2023-04-23T13:33:52.757Z"}
{"level":"info","message":"[produtosControllers] - payload: {\"nome\":\"hamburguerzz\",\"descricao\":\"pao com carnezz\",\"preco\":\"10\"}","service":"hamburguergama","timestamp":"2023-04-23T13:33:52.757Z"}
{"level":"info","message":"[produtosControllers] - Produto adicionado com sucesso ;)","service":"hamburguergama","timestamp":"2023-04-23T13:33:52.815Z"}
{"level":"info","message":"[usuarioControllers] - payload: {\"nome\":\"pedro\",\"email\":\"pedro@gmail.com\",\"senha\":\"333\",\"endereco\":\"222\",\"telefone\":\"2222\"}","service":"hamburguergama","timestamp":"2023-04-23T13:35:20.113Z"}
{"level":"info","message":"[usuarioControllers] - Usuario adicionado com sucesso!! ;) ","service":"hamburguergama","timestamp":"2023-04-23T13:35:20.175Z"}
{"level":"info","message":"Iniciando servidor","service":"hamburguergama","timestamp":"2023-04-23T13:49:03.149Z"}
{"level":"info","message":"Configurações setadas com sucesso!","service":"hamburguergama","timestamp":"2023-04-23T13:49:03.153Z"}
{"level":"info","message":"Rotas inicializadas com sucesso!","service":"hamburguergama","timestamp":"2023-04-23T13:49:03.153Z"}
{"level":"info","message":"Servidor rodando na porta 3000","service":"hamburguergama","timestamp":"2023-04-23T13:49:03.157Z"}
{"level":"info","message":"[usuarioControllers] - payload: {\"nome\":\"pedro\",\"email\":\"pedro@gmail.com\",\"senha\":\"333\",\"endereco\":\"222\",\"telefone\":\"2222\"}","service":"hamburguergama","timestamp":"2023-04-23T13:49:16.627Z"}
{"level":"info","message":"[usuarioControllers] - Usuario adicionado com sucesso!! ;) ","service":"hamburguergama","timestamp":"2023-04-23T13:49:16.689Z"}
{"level":"info","message":"[produtosControllers] - Produto adicionado ao carrinho","service":"hamburguergama","timestamp":"2023-04-23T13:49:35.140Z"}
{"level":"info","message":"[produtosControllers] - payload: {\"nome\":\"hamburguerzz\",\"descricao\":\"pao com carnezz\",\"preco\":\"10\"}","service":"hamburguergama","timestamp":"2023-04-23T13:49:35.140Z"}
{"level":"info","message":"[produtosControllers] - Produto adicionado com sucesso ;)","service":"hamburguergama","timestamp":"2023-04-23T13:49:35.147Z"}
{"level":"info","message":"Iniciando servidor","service":"hamburguergama","timestamp":"2023-04-23T18:26:11.708Z"}
{"level":"info","message":"Configurações setadas com sucesso!","service":"hamburguergama","timestamp":"2023-04-23T18:26:11.711Z"}
{"level":"info","message":"Rotas inicializadas com sucesso!","service":"hamburguergama","timestamp":"2023-04-23T18:26:11.712Z"}
{"level":"info","message":"Servidor rodando na porta 3000","service":"hamburguergama","timestamp":"2023-04-23T18:26:11.716Z"}
{"level":"info","message":"Iniciando servidor","service":"hamburguergama","timestamp":"2023-04-23T18:34:55.743Z"}
{"level":"info","message":"Configurações setadas com sucesso!","service":"hamburguergama","timestamp":"2023-04-23T18:34:55.746Z"}
{"level":"info","message":"Rotas inicializadas com sucesso!","service":"hamburguergama","timestamp":"2023-04-23T18:34:55.747Z"}
{"level":"info","message":"Servidor rodando na porta 3000","service":"hamburguergama","timestamp":"2023-04-23T18:34:55.750Z"}
{"level":"info","message":"[usuarioControllers] - payload: {\"nome\":\"ze\",\"email\":\"ze@gmail.com\",\"senha\":\"333\",\"endereco\":\"222\",\"telefone\":\"2222\"}","service":"hamburguergama","timestamp":"2023-04-23T18:38:16.305Z"}
{"level":"info","message":"[usuarioControllers] - Usuario adicionado com sucesso!! ;) ","service":"hamburguergama","timestamp":"2023-04-23T18:38:16.370Z"}
{"level":"info","message":"Iniciando servidor","service":"hamburguergama","timestamp":"2023-04-23T18:44:31.250Z"}
{"level":"info","message":"Configurações setadas com sucesso!","service":"hamburguergama","timestamp":"2023-04-23T18:44:31.253Z"}
{"level":"info","message":"Rotas inicializadas com sucesso!","service":"hamburguergama","timestamp":"2023-04-23T18:44:31.254Z"}
{"level":"info","message":"Servidor rodando na porta 3000","service":"hamburguergama","timestamp":"2023-04-23T18:44:31.257Z"}
{"level":"info","message":"Iniciando servidor","service":"hamburguergama","timestamp":"2023-04-23T18:54:11.129Z"}
{"level":"info","message":"Configurações setadas com sucesso!","service":"hamburguergama","timestamp":"2023-04-23T18:54:11.133Z"}
{"level":"info","message":"Rotas inicializadas com sucesso!","service":"hamburguergama","timestamp":"2023-04-23T18:54:11.133Z"}
{"level":"info","message":"Servidor rodando na porta 3000","service":"hamburguergama","timestamp":"2023-04-23T18:54:11.136Z"}
{"level":"info","message":"[funcionarioController] - payload: {\"nome\":\"matheus\",\"email\":\"matheus@teste.com\",\"senha\":\"1234\"}","service":"hamburguergama","timestamp":"2023-04-23T18:54:38.096Z"}
{"level":"error","message":"[funcionarioController] error: SequelizeDatabaseError: Data too long for column 'senha' at row 1","service":"hamburguergama","timestamp":"2023-04-23T18:54:38.160Z"}
{"level":"info","message":"[funcionarioController] - payload: {\"nome\":\"matheus\",\"email\":\"matheus@teste.com\",\"senha\":\"123\"}","service":"hamburguergama","timestamp":"2023-04-23T18:55:07.348Z"}
{"level":"error","message":"[funcionarioController] error: SequelizeDatabaseError: Data too long for column 'senha' at row 1","service":"hamburguergama","timestamp":"2023-04-23T18:55:07.405Z"}
{"level":"info","message":"[funcionarioController] - payload: {\"nome\":\"matheus\",\"email\":\"matheus@teste.com\",\"senha\":\"123456789\"}","service":"hamburguergama","timestamp":"2023-04-23T18:57:47.827Z"}
{"level":"error","message":"[funcionarioController] error: SequelizeDatabaseError: Data too long for column 'senha' at row 1","service":"hamburguergama","timestamp":"2023-04-23T18:57:47.884Z"}
{"level":"info","message":"[funcionarioController] - payload: {\"nome\":\"matheus\",\"email\":\"matheus@teste.com\",\"senha\":\"333\"}","service":"hamburguergama","timestamp":"2023-04-23T18:58:02.045Z"}
{"level":"error","message":"[funcionarioController] error: SequelizeDatabaseError: Data too long for column 'senha' at row 1","service":"hamburguergama","timestamp":"2023-04-23T18:58:02.101Z"}
{"level":"info","message":"Iniciando servidor","service":"hamburguergama","timestamp":"2023-04-23T19:16:32.860Z"}
{"level":"info","message":"Configurações setadas com sucesso!","service":"hamburguergama","timestamp":"2023-04-23T19:16:32.865Z"}
{"level":"info","message":"Rotas inicializadas com sucesso!","service":"hamburguergama","timestamp":"2023-04-23T19:16:32.865Z"}
{"level":"info","message":"Servidor rodando na porta 3000","service":"hamburguergama","timestamp":"2023-04-23T19:16:32.868Z"}
{"level":"info","message":"[funcionarioController] - payload: {\"nome\":\"matheus\",\"email\":\"matheus@teste.com\",\"senha\":\"333\"}","service":"hamburguergama","timestamp":"2023-04-23T19:16:41.596Z"}
{"level":"error","message":"[funcionarioController] error: SequelizeDatabaseError: Data too long for column 'senha' at row 1","service":"hamburguergama","timestamp":"2023-04-23T19:16:41.706Z"}
{"level":"info","message":"[funcionarioController] - payload: {\"nome\":\"matheus\",\"email\":\"matheus@teste.com\",\"senha\":\"3\"}","service":"hamburguergama","timestamp":"2023-04-23T19:21:18.256Z"}
{"level":"error","message":"[funcionarioController] error: SequelizeDatabaseError: Data too long for column 'senha' at row 1","service":"hamburguergama","timestamp":"2023-04-23T19:21:18.315Z"}
{"level":"info","message":"Iniciando servidor","service":"hamburguergama","timestamp":"2023-04-23T20:13:39.258Z"}
{"level":"info","message":"Configurações setadas com sucesso!","service":"hamburguergama","timestamp":"2023-04-23T20:13:39.262Z"}
{"level":"info","message":"Rotas inicializadas com sucesso!","service":"hamburguergama","timestamp":"2023-04-23T20:13:39.262Z"}
{"level":"info","message":"Servidor rodando na porta 3000","service":"hamburguergama","timestamp":"2023-04-23T20:13:39.265Z"}
{"level":"info","message":"[funcionarioController] - payload: {\"nome\":\"matheus\",\"email\":\"matheus@teste.com\",\"senha\":\"123\"}","service":"hamburguergama","timestamp":"2023-04-23T20:13:56.016Z"}
{"level":"error","message":"[funcionarioController] error: SequelizeDatabaseError: Data too long for column 'senha' at row 1","service":"hamburguergama","timestamp":"2023-04-23T20:13:56.080Z"}
{"level":"info","message":"Iniciando servidor","service":"hamburguergama","timestamp":"2023-04-23T20:15:19.820Z"}
{"level":"info","message":"Configurações setadas com sucesso!","service":"hamburguergama","timestamp":"2023-04-23T20:15:19.824Z"}
{"level":"info","message":"Rotas inicializadas com sucesso!","service":"hamburguergama","timestamp":"2023-04-23T20:15:19.824Z"}
{"level":"info","message":"Servidor rodando na porta 3000","service":"hamburguergama","timestamp":"2023-04-23T20:15:19.827Z"}
{"level":"info","message":"[funcionarioController] - payload: {\"nome\":\"matheus\",\"email\":\"matheus@teste.com\",\"senha\":\"123\"}","service":"hamburguergama","timestamp":"2023-04-23T20:15:40.874Z"}
{"level":"info","message":"[funcionarioController] - funcionario adicionado com sucesso!! ;) ","service":"hamburguergama","timestamp":"2023-04-23T20:15:40.938Z"}
{"level":"info","message":"Iniciando servidor","service":"hamburguergama","timestamp":"2023-04-23T20:57:00.300Z"}
{"level":"info","message":"Configurações setadas com sucesso!","service":"hamburguergama","timestamp":"2023-04-23T20:57:00.304Z"}
{"level":"info","message":"Rotas inicializadas com sucesso!","service":"hamburguergama","timestamp":"2023-04-23T20:57:00.305Z"}
{"level":"info","message":"Servidor rodando na porta 3000","service":"hamburguergama","timestamp":"2023-04-23T20:57:00.308Z"}
{"level":"info","message":"[funcionarioController] - payload: {\"nome\":\"matheus\",\"email\":\"matheus@teste.com\",\"senha\":\"123\"}","service":"hamburguergama","timestamp":"2023-04-23T20:58:40.567Z"}
{"level":"info","message":"[funcionarioController] - funcionario adicionado com sucesso!! ;) ","service":"hamburguergama","timestamp":"2023-04-23T20:58:40.629Z"}
{"level":"info","message":"[produtosControllers] - Produto adicionado ao carrinho","service":"hamburguergama","timestamp":"2023-04-23T21:02:23.660Z"}
{"level":"info","message":"[produtosControllers] - payload: {\"nome\":\"xburguer\",\"descricao\":\"hamburguer com queijo\",\"preco\":\"24\"}","service":"hamburguergama","timestamp":"2023-04-23T21:02:23.661Z"}
{"level":"info","message":"[produtosControllers] - Produto adicionado com sucesso ;)","service":"hamburguergama","timestamp":"2023-04-23T21:02:23.667Z"}
{"level":"info","message":"Iniciando servidor","service":"hamburguergama","timestamp":"2023-04-23T21:06:46.309Z"}
{"level":"info","message":"Configurações setadas com sucesso!","service":"hamburguergama","timestamp":"2023-04-23T21:06:46.313Z"}
{"level":"info","message":"Rotas inicializadas com sucesso!","service":"hamburguergama","timestamp":"2023-04-23T21:06:46.313Z"}
{"level":"info","message":"Servidor rodando na porta 3000","service":"hamburguergama","timestamp":"2023-04-23T21:06:46.316Z"}
{"level":"info","message":"Iniciando servidor","service":"hamburguergama","timestamp":"2023-04-23T21:08:37.712Z"}
{"level":"info","message":"Configurações setadas com sucesso!","service":"hamburguergama","timestamp":"2023-04-23T21:08:37.716Z"}
{"level":"info","message":"Rotas inicializadas com sucesso!","service":"hamburguergama","timestamp":"2023-04-23T21:08:37.716Z"}
{"level":"info","message":"Servidor rodando na porta 3000","service":"hamburguergama","timestamp":"2023-04-23T21:08:37.719Z"}
{"level":"info","message":"Iniciando servidor","service":"hamburguergama","timestamp":"2023-04-23T21:09:03.896Z"}
{"level":"info","message":"Configurações setadas com sucesso!","service":"hamburguergama","timestamp":"2023-04-23T21:09:03.900Z"}
{"level":"info","message":"Rotas inicializadas com sucesso!","service":"hamburguergama","timestamp":"2023-04-23T21:09:03.900Z"}
{"level":"info","message":"Servidor rodando na porta 3000","service":"hamburguergama","timestamp":"2023-04-23T21:09:03.903Z"}
{"level":"info","message":"Iniciando servidor","service":"hamburguergama","timestamp":"2023-04-23T21:34:33.870Z"}
{"level":"info","message":"Configurações setadas com sucesso!","service":"hamburguergama","timestamp":"2023-04-23T21:34:33.874Z"}
{"level":"info","message":"Rotas inicializadas com sucesso!","service":"hamburguergama","timestamp":"2023-04-23T21:34:33.874Z"}
{"level":"info","message":"Servidor rodando na porta 3000","service":"hamburguergama","timestamp":"2023-04-23T21:34:33.877Z"}
{"level":"info","message":"[funcionarioController] - payload: {\"nome\":\"matheus\",\"email\":\"matheus@teste.com\",\"senha\":\"123\"}","service":"hamburguergama","timestamp":"2023-04-23T21:34:48.189Z"}
{"level":"info","message":"[funcionarioController] - funcionario adicionado com sucesso!! ;) ","service":"hamburguergama","timestamp":"2023-04-23T21:34:48.250Z"}
{"level":"info","message":"[pedidosController] - Iniciando criação do pedido","service":"hamburguergama","timestamp":"2023-04-23T21:36:30.424Z"}
{"level":"info","message":"[pedidosController] - payload: {\"produto_id\":\"1\",\"quantidade\":\"2\",\"valor_total\":\"48\"}","service":"hamburguergama","timestamp":"2023-04-23T21:36:30.425Z"}
{"level":"error","message":"[pedidosController] error: SequelizeDatabaseError: Unknown column 'created_at' in 'field list'","service":"hamburguergama","timestamp":"2023-04-23T21:36:30.433Z"}
{"level":"info","message":"[pedidosController] - Iniciando criação do pedido","service":"hamburguergama","timestamp":"2023-04-23T21:37:25.579Z"}
{"level":"info","message":"[pedidosController] - payload: {\"produto_id\":\"1\",\"quantidade\":\"2\",\"valor_total\":\"48\"}","service":"hamburguergama","timestamp":"2023-04-23T21:37:25.579Z"}
{"level":"error","message":"[pedidosController] error: SequelizeDatabaseError: Unknown column 'created_at' in 'field list'","service":"hamburguergama","timestamp":"2023-04-23T21:37:25.584Z"}
{"level":"info","message":"Iniciando servidor","service":"hamburguergama","timestamp":"2023-04-23T21:43:57.125Z"}
{"level":"info","message":"Configurações setadas com sucesso!","service":"hamburguergama","timestamp":"2023-04-23T21:43:57.131Z"}
{"level":"info","message":"Rotas inicializadas com sucesso!","service":"hamburguergama","timestamp":"2023-04-23T21:43:57.131Z"}
{"level":"info","message":"Servidor rodando na porta 3000","service":"hamburguergama","timestamp":"2023-04-23T21:43:57.135Z"}
{"level":"info","message":"[pedidosController] - Iniciando criação do pedido","service":"hamburguergama","timestamp":"2023-04-23T21:44:21.360Z"}
{"level":"info","message":"[pedidosController] - payload: {\"produto_id\":\"1\",\"quantidade\":\"2\",\"valor_total\":\"48\"}","service":"hamburguergama","timestamp":"2023-04-23T21:44:21.360Z"}
{"level":"info","message":"[pedidosController] - Pedido realizada com sucesso!","service":"hamburguergama","timestamp":"2023-04-23T21:44:21.371Z"}
{"level":"info","message":"Iniciando servidor","service":"hamburguergama","timestamp":"2023-04-23T21:54:04.200Z"}
{"level":"info","message":"Configurações setadas com sucesso!","service":"hamburguergama","timestamp":"2023-04-23T21:54:04.203Z"}
{"level":"info","message":"Rotas inicializadas com sucesso!","service":"hamburguergama","timestamp":"2023-04-23T21:54:04.204Z"}
{"level":"info","message":"Servidor rodando na porta 3000","service":"hamburguergama","timestamp":"2023-04-23T21:54:04.207Z"}
{"level":"info","message":"[funcionarioController] - payload: {\"nome\":\"matheus\",\"email\":\"matheus@teste.com\",\"senha\":\"123\"}","service":"hamburguergama","timestamp":"2023-04-23T21:54:11.728Z"}
{"level":"info","message":"[funcionarioController] - funcionario adicionado com sucesso!! ;) ","service":"hamburguergama","timestamp":"2023-04-23T21:54:11.830Z"}
{"level":"info","message":"[usuarioControllers] - payload: {\"nome\":\"ze\",\"email\":\"ze@gmail.com\",\"senha\":\"333\",\"endereco\":\"222\",\"telefone\":\"2222\"}","service":"hamburguergama","timestamp":"2023-04-23T21:54:24.826Z"}
{"level":"info","message":"[usuarioControllers] - Usuario adicionado com sucesso!! ;) ","service":"hamburguergama","timestamp":"2023-04-23T21:54:24.884Z"}
{"level":"info","message":"[pedidosController] - Iniciando criação do pedido","service":"hamburguergama","timestamp":"2023-04-23T21:54:59.022Z"}
{"level":"info","message":"[pedidosController] - payload: {\"produto_id\":\"1\",\"quantidade\":\"2\",\"valor_total\":\"48\",\"cliente_id\":\"1\"}","service":"hamburguergama","timestamp":"2023-04-23T21:54:59.022Z"}
{"level":"info","message":"[pedidosController] - Pedido realizada com sucesso!","service":"hamburguergama","timestamp":"2023-04-23T21:54:59.027Z"}
{"level":"info","message":"Iniciando servidor","service":"hamburguergama","timestamp":"2023-04-23T22:47:46.333Z"}
{"level":"info","message":"Configurações setadas com sucesso!","service":"hamburguergama","timestamp":"2023-04-23T22:47:46.337Z"}
{"level":"info","message":"Rotas inicializadas com sucesso!","service":"hamburguergama","timestamp":"2023-04-23T22:47:46.337Z"}
{"level":"info","message":"Servidor rodando na porta 3000","service":"hamburguergama","timestamp":"2023-04-23T22:47:46.340Z"}
{"level":"info","message":"[pedidosController] - Iniciando criação do pedido","service":"hamburguergama","timestamp":"2023-04-23T22:48:12.644Z"}
{"level":"info","message":"[pedidosController] - payload: {\"produto_id\":\"1\",\"quantidade\":\"2\",\"valor_total\":\"48\",\"cliente_id\":\"1\"}","service":"hamburguergama","timestamp":"2023-04-23T22:48:12.645Z"}
{"level":"info","message":"[pedidosController] - Pedido realizada com sucesso!","service":"hamburguergama","timestamp":"2023-04-23T22:48:12.656Z"}
